{
  "RSpec": {
    "coverage": {
      "/home/rrr/Ruby/Blog/app/controllers/articles_controller.rb": [
        1,
        1,
        2,
        null,
        null,
        1,
        0,
        null,
        null,
        1,
        0,
        null,
        0,
        0,
        0,
        null,
        0,
        0,
        null,
        null,
        null,
        1,
        0,
        0,
        null,
        null,
        1,
        0,
        null,
        null,
        1,
        null,
        1,
        null,
        0,
        null,
        null
      ],
      "/home/rrr/Ruby/Blog/app/controllers/application_controller.rb": [
        1,
        1,
        null
      ],
      "/home/rrr/Ruby/Blog/app/models/tag.rb": [
        1,
        1,
        1,
        1,
        null
      ],
      "/home/rrr/Ruby/Blog/app/models/article.rb": [
        1,
        1,
        1,
        1,
        1,
        1,
        1,
        1,
        null,
        null,
        null,
        1,
        0,
        null,
        null,
        1,
        0,
        0,
        0,
        null,
        null
      ],
      "/home/rrr/Ruby/Blog/app/validators/article_body_validator.rb": [
        1,
        1,
        2,
        2,
        null,
        null,
        1,
        null,
        1,
        2,
        2,
        2,
        null,
        null,
        1,
        14,
        null,
        null,
        1,
        0,
        null,
        null
      ],
      "/home/rrr/Ruby/Blog/app/models/tagging.rb": [
        1,
        1,
        1,
        null
      ]
    },
    "timestamp": 1525386653
  }
}
